
lnt.open: translating ``mutex.lnt'' to ``/tmp/hevrard_lnt.open_TuzV05/mutex.lotos'' ...

lnt.open: calling lotos.open for ``mutex.lotos'' ...
lotos.open: using ``/usr/local/google/home/hevrard/work/cadp/src/open_caesar/generator.c''
lotos.open: calling ``caesar.adt -debug -silent mutex''
lotos.open: calling ``lnt_check'' for ``mutex.h''
lotos.open: calling ``caesar -root 'MAIN_HSA' -silent -open mutex''
lotos.open: running ``generator m_HSA'' for ``mutex.lotos''

"svl003_reduced_m_HSA.bcg" = strong reduction of "m_HSA.bcg"
    (* 17 states, 24 transitions, 2.8 Kbytes *)

"mutex_HSA.bcg" = total rename using "labels.rename"
    in "svl003_reduced_m_HSA.bcg"

property DeadlockFreeWeak (mutex_HSA)
 | There is no deadlock under weak fairness in mutex_HSA

FAIL

property DeadlockFreeStrong (mutex_HSA)
 | There is no deadlock under strong fairness in mutex_HSA

FAIL

lnt.open: translating ``mutex.lnt'' to ``/tmp/hevrard_lnt.open_ByZtm3/mutex.lotos'' ...

lnt.open: calling lotos.open for ``mutex.lotos'' ...
lotos.open: using ``/usr/local/google/home/hevrard/work/cadp/src/open_caesar/generator.c''
lotos.open: calling ``caesar.adt -debug -silent mutex''
lotos.open: calling ``lnt_check'' for ``mutex.h''
lotos.open: calling ``caesar -root 'MAIN_OBE' -silent -open mutex''
lotos.open: running ``generator m_OBE'' for ``mutex.lotos''

"svl003_reduced_m_OBE.bcg" = strong reduction of "m_OBE.bcg"
    (* 23 states, 34 transitions, 3.2 Kbytes *)

"mutex_OBE.bcg" = total rename using "labels.rename"
    in "svl003_reduced_m_OBE.bcg"

property DeadlockFreeWeak (mutex_OBE)
 | There is no deadlock under weak fairness in mutex_OBE

PASS

property DeadlockFreeStrong (mutex_OBE)
 | There is no deadlock under strong fairness in mutex_OBE

PASS

lnt.open: translating ``mutex.lnt'' to ``/tmp/hevrard_lnt.open_xz65RO/mutex.lotos'' ...

lnt.open: calling lotos.open for ``mutex.lotos'' ...
lotos.open: using ``/usr/local/google/home/hevrard/work/cadp/src/open_caesar/generator.c''
lotos.open: calling ``caesar.adt -debug -silent mutex''
lotos.open: calling ``lnt_check'' for ``mutex.h''
lotos.open: calling ``caesar -root 'MAIN_HSA_OBE' -silent -open mutex''
lotos.open: running ``generator m_HSA_OBE'' for ``mutex.lotos''

"svl003_reduced_m_HSA_OBE.bcg" = strong reduction of "m_HSA_OBE.bcg"
    (* 19 states, 28 transitions, 3.0 Kbytes *)

"mutex_HSA_OBE.bcg" = total rename using "labels.rename"
    in "svl003_reduced_m_HSA_OBE.bcg"

property DeadlockFreeWeak (mutex_HSA_OBE)
 | There is no deadlock under weak fairness in mutex_HSA_OBE

PASS

property DeadlockFreeStrong (mutex_HSA_OBE)
 | There is no deadlock under strong fairness in mutex_HSA_OBE

PASS

lnt.open: translating ``mutex.lnt'' to ``/tmp/hevrard_lnt.open_6hYDMp/mutex.lotos'' ...

lnt.open: calling lotos.open for ``mutex.lotos'' ...
lotos.open: using ``/usr/local/google/home/hevrard/work/cadp/src/open_caesar/generator.c''
lotos.open: calling ``caesar.adt -debug -silent mutex''
lotos.open: calling ``lnt_check'' for ``mutex.h''
lotos.open: calling ``caesar -root 'MAIN_LOBE' -silent -open mutex''
lotos.open: running ``generator m_LOBE'' for ``mutex.lotos''

"svl003_reduced_m_LOBE.bcg" = strong reduction of "m_LOBE.bcg"
    (* 20 states, 29 transitions, 3.1 Kbytes *)

"mutex_LOBE.bcg" = total rename using "labels.rename"
    in "svl003_reduced_m_LOBE.bcg"

property DeadlockFreeWeak (mutex_LOBE)
 | There is no deadlock under weak fairness in mutex_LOBE

PASS

property DeadlockFreeStrong (mutex_LOBE)
 | There is no deadlock under strong fairness in mutex_LOBE

PASS

lnt.open: translating ``mutex.lnt'' to ``/tmp/hevrard_lnt.open_rYNLWB/mutex.lotos'' ...

lnt.open: calling lotos.open for ``mutex.lotos'' ...
lotos.open: using ``/usr/local/google/home/hevrard/work/cadp/src/open_caesar/generator.c''
lotos.open: calling ``caesar.adt -debug -silent mutex''
lotos.open: calling ``lnt_check'' for ``mutex.h''
lotos.open: calling ``caesar -root 'MAIN_UNFAIR' -silent -open mutex''
lotos.open: running ``generator m_UNFAIR'' for ``mutex.lotos''

"svl003_reduced_m_UNFAIR.bcg" = strong reduction of "m_UNFAIR.bcg"
    (* 17 states, 24 transitions, 2.7 Kbytes *)

"mutex_UNFAIR.bcg" = total rename using "labels.rename"
    in "svl003_reduced_m_UNFAIR.bcg"

property DeadlockFreeWeak (mutex_UNFAIR)
 | There is no deadlock under weak fairness in mutex_UNFAIR

PASS

property DeadlockFreeStrong (mutex_UNFAIR)
 | There is no deadlock under strong fairness in mutex_UNFAIR

PASS

lnt.open: translating ``mutex.lnt'' to ``/tmp/hevrard_lnt.open_yi3l3N/mutex.lotos'' ...

lnt.open: calling lotos.open for ``mutex.lotos'' ...
lotos.open: using ``/usr/local/google/home/hevrard/work/cadp/src/open_caesar/generator.c''
lotos.open: calling ``caesar.adt -debug -silent mutex''
lotos.open: calling ``lnt_check'' for ``mutex.h''
lotos.open: calling ``caesar -root 'MAIN_FAIR' -silent -open mutex''
lotos.open: running ``generator m_FAIR'' for ``mutex.lotos''

"svl003_reduced_m_FAIR.bcg" = strong reduction of "m_FAIR.bcg"
    (* 17 states, 24 transitions, 2.9 Kbytes *)

"mutex_FAIR.bcg" = total rename using "labels.rename"
    in "svl003_reduced_m_FAIR.bcg"

property DeadlockFreeWeak (mutex_FAIR)
 | There is no deadlock under weak fairness in mutex_FAIR

PASS

property DeadlockFreeStrong (mutex_FAIR)
 | There is no deadlock under strong fairness in mutex_FAIR

PASS

